<?xml version="1.0" encoding="UTF-8"?>
<!-- Generated by org.testng.reporters.JUnitXMLReporter -->
<testsuite ignored="3" hostname="laptop" failures="0" tests="1" name="Test" time="0.038" errors="0" timestamp="2022-09-09T12:15:31 CDT">
  <testcase classname="testNGProject.GroupTest" name="explorePage" time="0.005"/>
  <testcase classname="testNGProject.GroupTest" name="pressLogin" time="0.0">
    <ignored/>
  </testcase> <!-- pressLogin -->
  <testcase classname="testNGProject.GroupTest" name="enterData" time="0.0">
    <ignored/>
  </testcase> <!-- enterData -->
  <testcase classname="testNGProject.GroupTest" name="openWebsite" time="0.0">
    <ignored/>
  </testcase> <!-- openWebsite -->
</testsuite> <!-- Test -->
