<?xml version="1.0" encoding="UTF-8"?>
<!-- Generated by org.testng.reporters.JUnitXMLReporter -->
<testsuite ignored="0" hostname="laptop" failures="0" tests="3" name="Default test" time="18.674" errors="0" timestamp="2022-08-19T12:54:27 CDT">
  <testcase classname="testNGProject.DataProviderClass" name="checking" time="6.605"/>
  <testcase classname="testNGProject.DataProviderClass" name="checking" time="4.643"/>
  <testcase classname="testNGProject.DataProviderClass" name="checking" time="7.326"/>
</testsuite> <!-- Default test -->
