<?xml version="1.0" encoding="UTF-8"?>
<testng-results ignored="3" total="4" passed="1" failed="0" skipped="0">
  <reporter-output>
  </reporter-output>
  <suite started-at="2022-09-09T12:15:31 CDT" name="Suite" finished-at="2022-09-09T12:15:31 CDT" duration-ms="38">
    <groups>
      <group name="explore">
        <method signature="GroupTest.explorePage()[pri:0, instance:testNGProject.GroupTest@2177849e]" name="explorePage" class="testNGProject.GroupTest"/>
      </group> <!-- explore -->
    </groups>
    <test started-at="2022-09-09T12:15:31 CDT" name="Test" finished-at="2022-09-09T12:15:31 CDT" duration-ms="38">
      <class name="testNGProject.GroupTest">
        <test-method signature="explorePage()[pri:0, instance:testNGProject.GroupTest@2177849e]" started-at="2022-09-09T12:15:31 CDT" name="explorePage" finished-at="2022-09-09T12:15:31 CDT" duration-ms="5" status="PASS">
          <reporter-output>
          </reporter-output>
        </test-method> <!-- explorePage -->
      </class> <!-- testNGProject.GroupTest -->
    </test> <!-- Test -->
  </suite> <!-- Suite -->
</testng-results>
